<?xml version="1.0" encoding="UTF-8"?>
<!-- Generated by org.testng.reporters.JUnitReportReporter -->
<testsuite skipped="0" hostname="DESKTOP-I4183A3" name="qaclickacademy.AppiumTest" tests="2" failures="0" timestamp="2020-02-28T15:25:41 EST" time="0.011" errors="0">
  <testcase name="NativeAppAndroid" time="0.010" classname="qaclickacademy.AppiumTest"/>
  <testcase name="NativeAppIos" time="0.001" classname="qaclickacademy.AppiumTest"/>
</testsuite> <!-- qaclickacademy.AppiumTest -->
