<?xml version="1.0" encoding="UTF-8"?>
<!-- Generated by org.testng.reporters.JUnitReportReporter -->
<testsuite skipped="0" hostname="DESKTOP-I4183A3" name="qaclickacademy.RestApiTest" tests="2" failures="0" timestamp="2020-02-28T15:25:41 EST" time="0.003" errors="0">
  <testcase name="postJira" time="0.001" classname="qaclickacademy.RestApiTest"/>
  <testcase name="deleteTwitter" time="0.002" classname="qaclickacademy.RestApiTest"/>
</testsuite> <!-- qaclickacademy.RestApiTest -->
