<?xml version="1.0" encoding="UTF-8"?>
<!-- Generated by org.testng.reporters.JUnitReportReporter -->
<testsuite skipped="0" hostname="DESKTOP-I4183A3" name="qaclickacademy.SeleniumTest" tests="2" failures="0" timestamp="2020-02-28T15:25:41 EST" time="0.007" errors="0">
  <testcase name="elementsUi" time="0.004" classname="qaclickacademy.SeleniumTest"/>
  <testcase name="browserAutomation" time="0.003" classname="qaclickacademy.SeleniumTest"/>
</testsuite> <!-- qaclickacademy.SeleniumTest -->
