<?xml version="1.0" encoding="UTF-8"?>
<!-- Generated by org.testng.reporters.JUnitReportReporter -->
<testsuite skipped="0" hostname="DESKTOP-I4183A3" name="qaclickacademy.SeleniumTest" tests="2" failures="0" timestamp="28 Feb 2020 20:51:50 GMT" time="0.000" errors="0">
  <testcase name="browserAutomation" time="0.000" classname="qaclickacademy.SeleniumTest"/>
  <testcase name="elementsUi" time="0.000" classname="qaclickacademy.SeleniumTest"/>
</testsuite> <!-- qaclickacademy.SeleniumTest -->
